[debug] [2021-11-18T10:18:20.952Z] ----------------------------------------------------------------------
[debug] [2021-11-18T10:18:20.957Z] Command:       C:\Program Files\nodejs\node.exe C:\Users\Admin\AppData\Roaming\npm\node_modules\firebase-tools\lib\bin\firebase.js init
[debug] [2021-11-18T10:18:20.958Z] CLI Version:   9.22.0
[debug] [2021-11-18T10:18:20.958Z] Platform:      win32
[debug] [2021-11-18T10:18:20.958Z] Node Version:  v14.15.2
[debug] [2021-11-18T10:18:20.961Z] Time:          Thu Nov 18 2021 15:48:20 GMT+0530 (India Standard Time)
[debug] [2021-11-18T10:18:20.962Z] ----------------------------------------------------------------------
[debug] 
[debug] [2021-11-18T10:18:21.098Z] > command requires scopes: ["email","openid","https://www.googleapis.com/auth/cloudplatformprojects.readonly","https://www.googleapis.com/auth/firebase","https://www.googleapis.com/auth/cloud-platform"]
[debug] [2021-11-18T10:18:21.099Z] > authorizing via signed-in user (hrushikeshmalshikare710@gmail.com)
[info] 
     ######## #### ########  ######## ########     ###     ######  ########
     ##        ##  ##     ## ##       ##     ##  ##   ##  ##       ##
     ######    ##  ########  ######   ########  #########  ######  ######
     ##        ##  ##    ##  ##       ##     ## ##     ##       ## ##
     ##       #### ##     ## ######## ########  ##     ##  ######  ########

You're about to initialize a Firebase project in this directory:

  C:\Users\Admin\Desktop\makrand-property-eval

Before we get started, keep in mind:

  * You are initializing within an existing Firebase project directory

[info] 
=== Project Setup
[info] 
[info] First, let's associate this project directory with a Firebase project.
[info] You can create multiple project aliases by running firebase use --add, 
[info] but for now we'll just set up a default project.
[info] 
[info] i  .firebaserc already has a default project, using property-evaluation-dev. 
[debug] [2021-11-18T10:19:42.930Z] > refreshing access token with scopes: []
[debug] [2021-11-18T10:19:42.931Z] >>> HTTP REQUEST POST https://www.googleapis.com/oauth2/v3/token  
 <request body omitted>
[debug] [2021-11-18T10:19:43.465Z] <<< HTTP RESPONSE 200 {"expires":"Mon, 01 Jan 1990 00:00:00 GMT","cache-control":"no-cache, no-store, max-age=0, must-revalidate","date":"Thu, 18 Nov 2021 10:19:42 GMT","pragma":"no-cache","content-type":"application/json; charset=utf-8","vary":"X-Origin, Referer, Origin,Accept-Encoding","server":"scaffolding on HTTPServer2","x-xss-protection":"0","x-frame-options":"SAMEORIGIN","x-content-type-options":"nosniff","alt-svc":"h3=\":443\"; ma=2592000,h3-29=\":443\"; ma=2592000,h3-Q050=\":443\"; ma=2592000,h3-Q046=\":443\"; ma=2592000,h3-Q043=\":443\"; ma=2592000,quic=\":443\"; ma=2592000; v=\"46,43\"","accept-ranges":"none","transfer-encoding":"chunked"}
[debug] [2021-11-18T10:19:43.488Z] >>> [apiv2][query] GET https://firebase.googleapis.com/v1beta1/projects/property-evaluation-dev [none]
[debug] [2021-11-18T10:19:44.239Z] <<< [apiv2][status] GET https://firebase.googleapis.com/v1beta1/projects/property-evaluation-dev 200
[debug] [2021-11-18T10:19:44.239Z] <<< [apiv2][body] GET https://firebase.googleapis.com/v1beta1/projects/property-evaluation-dev {"projectId":"property-evaluation-dev","projectNumber":"428604458899","displayName":"property-evaluation-dev","name":"projects/property-evaluation-dev","resources":{"hostingSite":"property-evaluation-dev","realtimeDatabaseInstance":"property-evaluation-dev-default-rtdb","storageBucket":"property-evaluation-dev.appspot.com","locationId":"asia-south1"},"state":"ACTIVE"}
[info] 
=== Firestore Setup
[debug] [2021-11-18T10:19:44.243Z] > refreshing access token with scopes: ["email","https://www.googleapis.com/auth/cloud-platform","https://www.googleapis.com/auth/cloudplatformprojects.readonly","https://www.googleapis.com/auth/firebase","openid"]
[debug] [2021-11-18T10:19:44.243Z] >>> HTTP REQUEST POST https://www.googleapis.com/oauth2/v3/token  
 <request body omitted>
[debug] [2021-11-18T10:19:44.593Z] <<< HTTP RESPONSE 200 {"date":"Thu, 18 Nov 2021 10:19:43 GMT","expires":"Mon, 01 Jan 1990 00:00:00 GMT","pragma":"no-cache","cache-control":"no-cache, no-store, max-age=0, must-revalidate","content-type":"application/json; charset=utf-8","vary":"X-Origin, Referer, Origin,Accept-Encoding","server":"scaffolding on HTTPServer2","x-xss-protection":"0","x-frame-options":"SAMEORIGIN","x-content-type-options":"nosniff","alt-svc":"h3=\":443\"; ma=2592000,h3-29=\":443\"; ma=2592000,h3-Q050=\":443\"; ma=2592000,h3-Q046=\":443\"; ma=2592000,h3-Q043=\":443\"; ma=2592000,quic=\":443\"; ma=2592000; v=\"46,43\"","accept-ranges":"none","transfer-encoding":"chunked"}
[debug] [2021-11-18T10:19:44.610Z] >>> HTTP REQUEST GET https://serviceusage.googleapis.com/v1/projects/property-evaluation-dev/services/firestore.googleapis.com  
 
[debug] [2021-11-18T10:19:47.156Z] <<< HTTP RESPONSE 200 {"content-type":"application/json; charset=UTF-8","vary":"X-Origin, Referer, Origin,Accept-Encoding","date":"Thu, 18 Nov 2021 10:19:45 GMT","server":"ESF","cache-control":"private","x-xss-protection":"0","x-frame-options":"SAMEORIGIN","x-content-type-options":"nosniff","alt-svc":"h3=\":443\"; ma=2592000,h3-29=\":443\"; ma=2592000,h3-Q050=\":443\"; ma=2592000,h3-Q046=\":443\"; ma=2592000,h3-Q043=\":443\"; ma=2592000,quic=\":443\"; ma=2592000; v=\"46,43\"","accept-ranges":"none","transfer-encoding":"chunked"}
[debug] [2021-11-18T10:19:47.157Z] >>> HTTP REQUEST GET https://appengine.googleapis.com/v1/apps/property-evaluation-dev  
 
[debug] [2021-11-18T10:19:48.098Z] <<< HTTP RESPONSE 200 {"content-type":"application/json; charset=UTF-8","vary":"X-Origin, Referer, Origin,Accept-Encoding","date":"Thu, 18 Nov 2021 10:19:47 GMT","server":"ESF","cache-control":"private","x-xss-protection":"0","x-frame-options":"SAMEORIGIN","x-content-type-options":"nosniff","alt-svc":"h3=\":443\"; ma=2592000,h3-29=\":443\"; ma=2592000,h3-Q050=\":443\"; ma=2592000,h3-Q046=\":443\"; ma=2592000,h3-Q043=\":443\"; ma=2592000,quic=\":443\"; ma=2592000; v=\"46,43\"","accept-ranges":"none","transfer-encoding":"chunked"}
[debug] [2021-11-18T10:19:48.099Z] database_type: CLOUD_FIRESTORE
[debug] [2021-11-18T10:19:48.100Z] > command requires scopes: ["email","openid","https://www.googleapis.com/auth/cloudplatformprojects.readonly","https://www.googleapis.com/auth/firebase","https://www.googleapis.com/auth/cloud-platform"]
[debug] [2021-11-18T10:19:48.100Z] > authorizing via signed-in user (hrushikeshmalshikare710@gmail.com)
[debug] [2021-11-18T10:19:48.101Z] [iam] checking project property-evaluation-dev for permissions ["firebase.projects.get"]
[debug] [2021-11-18T10:19:48.102Z] >>> HTTP REQUEST POST https://cloudresourcemanager.googleapis.com/v1/projects/property-evaluation-dev:testIamPermissions  
 {"permissions":["firebase.projects.get"]}
